  [1m[35m (5.9ms)[0m  [1m[35mCREATE TABLE "schema_migrations" ("version" varchar NOT NULL PRIMARY KEY)[0m
  [1m[35m (2.8ms)[0m  [1m[35mCREATE TABLE "ar_internal_metadata" ("key" varchar NOT NULL PRIMARY KEY, "value" varchar, "created_at" datetime(6) NOT NULL, "updated_at" datetime(6) NOT NULL)[0m
  [1m[36mActiveRecord::SchemaMigration Pluck (0.2ms)[0m  [1m[34mSELECT "schema_migrations"."version" FROM "schema_migrations" ORDER BY "schema_migrations"."version" ASC[0m
  [1m[36mActiveRecord::SchemaMigration Pluck (0.1ms)[0m  [1m[34mSELECT "schema_migrations"."version" FROM "schema_migrations" ORDER BY "schema_migrations"."version" ASC[0m
Migrating to CreateHeros (20230326154918)
  [1m[36mTRANSACTION (0.2ms)[0m  [1m[36mbegin transaction[0m
  [1m[35m (0.6ms)[0m  [1m[35mCREATE TABLE "heros" ("id" integer PRIMARY KEY AUTOINCREMENT NOT NULL, "name" varchar, "super_name" varchar, "created_at" datetime(6) NOT NULL, "updated_at" datetime(6) NOT NULL)[0m
  [1m[36mActiveRecord::SchemaMigration Create (0.4ms)[0m  [1m[32mINSERT INTO "schema_migrations" ("version") VALUES (?)[0m  [["version", "20230326154918"]]
  [1m[36mTRANSACTION (4.0ms)[0m  [1m[36mcommit transaction[0m
Migrating to CreatePowers (20230326155010)
  [1m[36mTRANSACTION (0.1ms)[0m  [1m[36mbegin transaction[0m
  [1m[35m (0.6ms)[0m  [1m[35mCREATE TABLE "powers" ("id" integer PRIMARY KEY AUTOINCREMENT NOT NULL, "name" varchar, "description" varchar, "created_at" datetime(6) NOT NULL, "updated_at" datetime(6) NOT NULL)[0m
  [1m[36mActiveRecord::SchemaMigration Create (0.5ms)[0m  [1m[32mINSERT INTO "schema_migrations" ("version") VALUES (?)[0m  [["version", "20230326155010"]]
  [1m[36mTRANSACTION (2.7ms)[0m  [1m[36mcommit transaction[0m
Migrating to CreateHeroPowers (20230326155142)
  [1m[36mTRANSACTION (0.3ms)[0m  [1m[36mbegin transaction[0m
  [1m[35m (0.6ms)[0m  [1m[35mCREATE TABLE "hero_powers" ("id" integer PRIMARY KEY AUTOINCREMENT NOT NULL, "strength" varchar, "power_id" integer NOT NULL, "hero_id" integer NOT NULL, "created_at" datetime(6) NOT NULL, "updated_at" datetime(6) NOT NULL, CONSTRAINT "fk_rails_1e7d81986f"
FOREIGN KEY ("power_id")
  REFERENCES "powers" ("id")
, CONSTRAINT "fk_rails_a064e6fddd"
FOREIGN KEY ("hero_id")
  REFERENCES "heros" ("id")
)[0m
  [1m[35m (0.3ms)[0m  [1m[35mCREATE INDEX "index_hero_powers_on_power_id" ON "hero_powers" ("power_id")[0m
  [1m[35m (0.3ms)[0m  [1m[35mCREATE INDEX "index_hero_powers_on_hero_id" ON "hero_powers" ("hero_id")[0m
  [1m[36mActiveRecord::SchemaMigration Create (0.4ms)[0m  [1m[32mINSERT INTO "schema_migrations" ("version") VALUES (?)[0m  [["version", "20230326155142"]]
  [1m[36mTRANSACTION (3.5ms)[0m  [1m[36mcommit transaction[0m
  [1m[36mActiveRecord::InternalMetadata Load (0.4ms)[0m  [1m[34mSELECT "ar_internal_metadata".* FROM "ar_internal_metadata" WHERE "ar_internal_metadata"."key" = ? LIMIT ?[0m  [["key", "environment"], ["LIMIT", 1]]
  [1m[36mTRANSACTION (0.1ms)[0m  [1m[36mbegin transaction[0m
  [1m[36mActiveRecord::InternalMetadata Create (0.6ms)[0m  [1m[32mINSERT INTO "ar_internal_metadata" ("key", "value", "created_at", "updated_at") VALUES (?, ?, ?, ?)[0m  [["key", "environment"], ["value", "development"], ["created_at", "2023-03-26 16:08:22.824171"], ["updated_at", "2023-03-26 16:08:22.824171"]]
  [1m[36mTRANSACTION (3.2ms)[0m  [1m[36mcommit transaction[0m
  [1m[36mActiveRecord::SchemaMigration Pluck (0.2ms)[0m  [1m[34mSELECT "schema_migrations"."version" FROM "schema_migrations" ORDER BY "schema_migrations"."version" ASC[0m
  [1m[36mActiveRecord::SchemaMigration Pluck (0.1ms)[0m  [1m[34mSELECT "schema_migrations"."version" FROM "schema_migrations" ORDER BY "schema_migrations"."version" ASC[0m
  [1m[36mTRANSACTION (0.1ms)[0m  [1m[36mbegin transaction[0m
  [1m[36mHero Create (0.5ms)[0m  [1m[32mINSERT INTO "heros" ("name", "super_name", "created_at", "updated_at") VALUES (?, ?, ?, ?)[0m  [["name", "Msgr. Vernell Corkery"], ["super_name", nil], ["created_at", "2023-03-26 16:08:35.293017"], ["updated_at", "2023-03-26 16:08:35.293017"]]
  [1m[36mTRANSACTION (5.8ms)[0m  [1m[36mcommit transaction[0m
  [1m[36mTRANSACTION (0.2ms)[0m  [1m[36mbegin transaction[0m
  [1m[36mHero Create (0.5ms)[0m  [1m[32mINSERT INTO "heros" ("name", "super_name", "created_at", "updated_at") VALUES (?, ?, ?, ?)[0m  [["name", "Lenny Lockman"], ["super_name", nil], ["created_at", "2023-03-26 16:08:35.308931"], ["updated_at", "2023-03-26 16:08:35.308931"]]
  [1m[36mTRANSACTION (2.3ms)[0m  [1m[36mcommit transaction[0m
  [1m[36mTRANSACTION (0.1ms)[0m  [1m[36mbegin transaction[0m
  [1m[36mHero Create (0.5ms)[0m  [1m[32mINSERT INTO "heros" ("name", "super_name", "created_at", "updated_at") VALUES (?, ?, ?, ?)[0m  [["name", "Jeffery Cassin"], ["super_name", nil], ["created_at", "2023-03-26 16:08:35.320424"], ["updated_at", "2023-03-26 16:08:35.320424"]]
  [1m[36mTRANSACTION (2.5ms)[0m  [1m[36mcommit transaction[0m
  [1m[36mTRANSACTION (0.1ms)[0m  [1m[36mbegin transaction[0m
  [1m[36mHero Create (0.5ms)[0m  [1m[32mINSERT INTO "heros" ("name", "super_name", "created_at", "updated_at") VALUES (?, ?, ?, ?)[0m  [["name", "Dewitt Kessler"], ["super_name", nil], ["created_at", "2023-03-26 16:08:35.330963"], ["updated_at", "2023-03-26 16:08:35.330963"]]
  [1m[36mTRANSACTION (2.6ms)[0m  [1m[36mcommit transaction[0m
  [1m[36mTRANSACTION (0.1ms)[0m  [1m[36mbegin transaction[0m
  [1m[36mHero Create (0.4ms)[0m  [1m[32mINSERT INTO "heros" ("name", "super_name", "created_at", "updated_at") VALUES (?, ?, ?, ?)[0m  [["name", "Calvin Rolfson"], ["super_name", nil], ["created_at", "2023-03-26 16:08:35.341634"], ["updated_at", "2023-03-26 16:08:35.341634"]]
  [1m[36mTRANSACTION (2.3ms)[0m  [1m[36mcommit transaction[0m
  [1m[36mTRANSACTION (0.1ms)[0m  [1m[36mbegin transaction[0m
  [1m[36mHero Create (0.4ms)[0m  [1m[32mINSERT INTO "heros" ("name", "super_name", "created_at", "updated_at") VALUES (?, ?, ?, ?)[0m  [["name", "Troy Bergstrom"], ["super_name", nil], ["created_at", "2023-03-26 16:08:35.353586"], ["updated_at", "2023-03-26 16:08:35.353586"]]
  [1m[36mTRANSACTION (2.2ms)[0m  [1m[36mcommit transaction[0m
  [1m[36mTRANSACTION (0.1ms)[0m  [1m[36mbegin transaction[0m
  [1m[36mHero Create (0.4ms)[0m  [1m[32mINSERT INTO "heros" ("name", "super_name", "created_at", "updated_at") VALUES (?, ?, ?, ?)[0m  [["name", "Huey Auer"], ["super_name", nil], ["created_at", "2023-03-26 16:08:35.363828"], ["updated_at", "2023-03-26 16:08:35.363828"]]
  [1m[36mTRANSACTION (2.3ms)[0m  [1m[36mcommit transaction[0m
  [1m[36mTRANSACTION (0.1ms)[0m  [1m[36mbegin transaction[0m
  [1m[36mHero Create (0.4ms)[0m  [1m[32mINSERT INTO "heros" ("name", "super_name", "created_at", "updated_at") VALUES (?, ?, ?, ?)[0m  [["name", "Ted Krajcik"], ["super_name", nil], ["created_at", "2023-03-26 16:08:35.373209"], ["updated_at", "2023-03-26 16:08:35.373209"]]
  [1m[36mTRANSACTION (2.2ms)[0m  [1m[36mcommit transaction[0m
  [1m[36mTRANSACTION (0.1ms)[0m  [1m[36mbegin transaction[0m
  [1m[36mHero Create (0.4ms)[0m  [1m[32mINSERT INTO "heros" ("name", "super_name", "created_at", "updated_at") VALUES (?, ?, ?, ?)[0m  [["name", "Cruz Rutherford"], ["super_name", nil], ["created_at", "2023-03-26 16:08:35.382147"], ["updated_at", "2023-03-26 16:08:35.382147"]]
  [1m[36mTRANSACTION (2.3ms)[0m  [1m[36mcommit transaction[0m
  [1m[36mTRANSACTION (0.1ms)[0m  [1m[36mbegin transaction[0m
  [1m[36mHero Create (0.4ms)[0m  [1m[32mINSERT INTO "heros" ("name", "super_name", "created_at", "updated_at") VALUES (?, ?, ?, ?)[0m  [["name", "Mr. Dale Hintz"], ["super_name", nil], ["created_at", "2023-03-26 16:08:35.391616"], ["updated_at", "2023-03-26 16:08:35.391616"]]
  [1m[36mTRANSACTION (2.3ms)[0m  [1m[36mcommit transaction[0m
  [1m[36mTRANSACTION (0.1ms)[0m  [1m[36mbegin transaction[0m
  [1m[36mPower Create (0.4ms)[0m  [1m[32mINSERT INTO "powers" ("name", "description", "created_at", "updated_at") VALUES (?, ?, ?, ?)[0m  [["name", "Illusions"], ["description", nil], ["created_at", "2023-03-26 16:08:35.419617"], ["updated_at", "2023-03-26 16:08:35.419617"]]
  [1m[36mTRANSACTION (2.3ms)[0m  [1m[36mcommit transaction[0m
  [1m[36mTRANSACTION (0.1ms)[0m  [1m[36mbegin transaction[0m
  [1m[36mPower Create (0.4ms)[0m  [1m[32mINSERT INTO "powers" ("name", "description", "created_at", "updated_at") VALUES (?, ?, ?, ?)[0m  [["name", "Ability Shift"], ["description", nil], ["created_at", "2023-03-26 16:08:35.430076"], ["updated_at", "2023-03-26 16:08:35.430076"]]
  [1m[36mTRANSACTION (2.3ms)[0m  [1m[36mcommit transaction[0m
  [1m[36mTRANSACTION (0.1ms)[0m  [1m[36mbegin transaction[0m
  [1m[36mPower Create (0.5ms)[0m  [1m[32mINSERT INTO "powers" ("name", "description", "created_at", "updated_at") VALUES (?, ?, ?, ?)[0m  [["name", "Stealth"], ["description", nil], ["created_at", "2023-03-26 16:08:35.440511"], ["updated_at", "2023-03-26 16:08:35.440511"]]
  [1m[36mTRANSACTION (2.3ms)[0m  [1m[36mcommit transaction[0m
  [1m[36mTRANSACTION (0.1ms)[0m  [1m[36mbegin transaction[0m
  [1m[36mPower Create (0.5ms)[0m  [1m[32mINSERT INTO "powers" ("name", "description", "created_at", "updated_at") VALUES (?, ?, ?, ?)[0m  [["name", "Aerokinesis"], ["description", nil], ["created_at", "2023-03-26 16:08:35.450632"], ["updated_at", "2023-03-26 16:08:35.450632"]]
  [1m[36mTRANSACTION (2.3ms)[0m  [1m[36mcommit transaction[0m
  [1m[36mTRANSACTION (0.1ms)[0m  [1m[36mbegin transaction[0m
  [1m[36mPower Create (0.4ms)[0m  [1m[32mINSERT INTO "powers" ("name", "description", "created_at", "updated_at") VALUES (?, ?, ?, ?)[0m  [["name", "Omnitrix"], ["description", nil], ["created_at", "2023-03-26 16:08:35.460988"], ["updated_at", "2023-03-26 16:08:35.460988"]]
  [1m[36mTRANSACTION (2.3ms)[0m  [1m[36mcommit transaction[0m
  [1m[36mTRANSACTION (0.1ms)[0m  [1m[36mbegin transaction[0m
  [1m[36mPower Create (0.4ms)[0m  [1m[32mINSERT INTO "powers" ("name", "description", "created_at", "updated_at") VALUES (?, ?, ?, ?)[0m  [["name", "Cryokinesis"], ["description", nil], ["created_at", "2023-03-26 16:08:35.470070"], ["updated_at", "2023-03-26 16:08:35.470070"]]
  [1m[36mTRANSACTION (2.3ms)[0m  [1m[36mcommit transaction[0m
  [1m[36mTRANSACTION (0.1ms)[0m  [1m[36mbegin transaction[0m
  [1m[36mPower Create (0.4ms)[0m  [1m[32mINSERT INTO "powers" ("name", "description", "created_at", "updated_at") VALUES (?, ?, ?, ?)[0m  [["name", "Sub-Mariner"], ["description", nil], ["created_at", "2023-03-26 16:08:35.478489"], ["updated_at", "2023-03-26 16:08:35.478489"]]
  [1m[36mTRANSACTION (2.2ms)[0m  [1m[36mcommit transaction[0m
  [1m[36mTRANSACTION (0.1ms)[0m  [1m[36mbegin transaction[0m
  [1m[36mPower Create (0.4ms)[0m  [1m[32mINSERT INTO "powers" ("name", "description", "created_at", "updated_at") VALUES (?, ?, ?, ?)[0m  [["name", "Reality Warping"], ["description", nil], ["created_at", "2023-03-26 16:08:35.486809"], ["updated_at", "2023-03-26 16:08:35.486809"]]
  [1m[36mTRANSACTION (2.3ms)[0m  [1m[36mcommit transaction[0m
  [1m[36mTRANSACTION (0.1ms)[0m  [1m[36mbegin transaction[0m
  [1m[36mPower Create (0.4ms)[0m  [1m[32mINSERT INTO "powers" ("name", "description", "created_at", "updated_at") VALUES (?, ?, ?, ?)[0m  [["name", "Wallcrawling"], ["description", nil], ["created_at", "2023-03-26 16:08:35.495673"], ["updated_at", "2023-03-26 16:08:35.495673"]]
  [1m[36mTRANSACTION (2.2ms)[0m  [1m[36mcommit transaction[0m
  [1m[36mTRANSACTION (0.1ms)[0m  [1m[36mbegin transaction[0m
  [1m[36mPower Create (0.5ms)[0m  [1m[32mINSERT INTO "powers" ("name", "description", "created_at", "updated_at") VALUES (?, ?, ?, ?)[0m  [["name", "Absorption"], ["description", nil], ["created_at", "2023-03-26 16:08:35.505670"], ["updated_at", "2023-03-26 16:08:35.505670"]]
  [1m[36mTRANSACTION (2.4ms)[0m  [1m[36mcommit transaction[0m
  [1m[36mHero Load (0.3ms)[0m  [1m[34mSELECT "heros".* FROM "heros"[0m
  [1m[36mPower Load (0.3ms)[0m  [1m[34mSELECT "powers".* FROM "powers"[0m
  [1m[36mTRANSACTION (0.1ms)[0m  [1m[36mbegin transaction[0m
  [1m[36mHeroPower Create (0.7ms)[0m  [1m[32mINSERT INTO "hero_powers" ("strength", "power_id", "hero_id", "created_at", "updated_at") VALUES (?, ?, ?, ?, ?)[0m  [["strength", nil], ["power_id", 6], ["hero_id", 1], ["created_at", "2023-03-26 16:08:35.586054"], ["updated_at", "2023-03-26 16:08:35.586054"]]
  [1m[36mTRANSACTION (3.1ms)[0m  [1m[36mcommit transaction[0m
  [1m[36mTRANSACTION (0.1ms)[0m  [1m[36mbegin transaction[0m
  [1m[36mHeroPower Create (0.5ms)[0m  [1m[32mINSERT INTO "hero_powers" ("strength", "power_id", "hero_id", "created_at", "updated_at") VALUES (?, ?, ?, ?, ?)[0m  [["strength", nil], ["power_id", 2], ["hero_id", 1], ["created_at", "2023-03-26 16:08:35.600912"], ["updated_at", "2023-03-26 16:08:35.600912"]]
  [1m[36mTRANSACTION (2.4ms)[0m  [1m[36mcommit transaction[0m
  [1m[36mTRANSACTION (0.1ms)[0m  [1m[36mbegin transaction[0m
  [1m[36mHeroPower Create (0.5ms)[0m  [1m[32mINSERT INTO "hero_powers" ("strength", "power_id", "hero_id", "created_at", "updated_at") VALUES (?, ?, ?, ?, ?)[0m  [["strength", nil], ["power_id", 5], ["hero_id", 1], ["created_at", "2023-03-26 16:08:35.611675"], ["updated_at", "2023-03-26 16:08:35.611675"]]
  [1m[36mTRANSACTION (2.3ms)[0m  [1m[36mcommit transaction[0m
  [1m[36mPower Load (0.2ms)[0m  [1m[34mSELECT "powers".* FROM "powers"[0m
  [1m[36mTRANSACTION (0.1ms)[0m  [1m[36mbegin transaction[0m
  [1m[36mHeroPower Create (0.5ms)[0m  [1m[32mINSERT INTO "hero_powers" ("strength", "power_id", "hero_id", "created_at", "updated_at") VALUES (?, ?, ?, ?, ?)[0m  [["strength", nil], ["power_id", 4], ["hero_id", 2], ["created_at", "2023-03-26 16:08:35.624692"], ["updated_at", "2023-03-26 16:08:35.624692"]]
  [1m[36mTRANSACTION (2.8ms)[0m  [1m[36mcommit transaction[0m
  [1m[36mTRANSACTION (0.1ms)[0m  [1m[36mbegin transaction[0m
  [1m[36mHeroPower Create (0.5ms)[0m  [1m[32mINSERT INTO "hero_powers" ("strength", "power_id", "hero_id", "created_at", "updated_at") VALUES (?, ?, ?, ?, ?)[0m  [["strength", nil], ["power_id", 5], ["hero_id", 2], ["created_at", "2023-03-26 16:08:35.634947"], ["updated_at", "2023-03-26 16:08:35.634947"]]
  [1m[36mTRANSACTION (3.2ms)[0m  [1m[36mcommit transaction[0m
  [1m[36mTRANSACTION (0.1ms)[0m  [1m[36mbegin transaction[0m
  [1m[36mHeroPower Create (0.5ms)[0m  [1m[32mINSERT INTO "hero_powers" ("strength", "power_id", "hero_id", "created_at", "updated_at") VALUES (?, ?, ?, ?, ?)[0m  [["strength", nil], ["power_id", 10], ["hero_id", 2], ["created_at", "2023-03-26 16:08:35.645226"], ["updated_at", "2023-03-26 16:08:35.645226"]]
  [1m[36mTRANSACTION (3.0ms)[0m  [1m[36mcommit transaction[0m
  [1m[36mPower Load (0.2ms)[0m  [1m[34mSELECT "powers".* FROM "powers"[0m
  [1m[36mTRANSACTION (0.1ms)[0m  [1m[36mbegin transaction[0m
  [1m[36mHeroPower Create (0.5ms)[0m  [1m[32mINSERT INTO "hero_powers" ("strength", "power_id", "hero_id", "created_at", "updated_at") VALUES (?, ?, ?, ?, ?)[0m  [["strength", nil], ["power_id", 7], ["hero_id", 3], ["created_at", "2023-03-26 16:08:35.658001"], ["updated_at", "2023-03-26 16:08:35.658001"]]
  [1m[36mTRANSACTION (2.7ms)[0m  [1m[36mcommit transaction[0m
  [1m[36mTRANSACTION (0.1ms)[0m  [1m[36mbegin transaction[0m
  [1m[36mHeroPower Create (0.5ms)[0m  [1m[32mINSERT INTO "hero_powers" ("strength", "power_id", "hero_id", "created_at", "updated_at") VALUES (?, ?, ?, ?, ?)[0m  [["strength", nil], ["power_id", 3], ["hero_id", 3], ["created_at", "2023-03-26 16:08:35.668189"], ["updated_at", "2023-03-26 16:08:35.668189"]]
  [1m[36mTRANSACTION (2.5ms)[0m  [1m[36mcommit transaction[0m
  [1m[36mTRANSACTION (0.1ms)[0m  [1m[36mbegin transaction[0m
  [1m[36mHeroPower Create (0.5ms)[0m  [1m[32mINSERT INTO "hero_powers" ("strength", "power_id", "hero_id", "created_at", "updated_at") VALUES (?, ?, ?, ?, ?)[0m  [["strength", nil], ["power_id", 10], ["hero_id", 3], ["created_at", "2023-03-26 16:08:35.678353"], ["updated_at", "2023-03-26 16:08:35.678353"]]
  [1m[36mTRANSACTION (2.5ms)[0m  [1m[36mcommit transaction[0m
  [1m[36mPower Load (0.2ms)[0m  [1m[34mSELECT "powers".* FROM "powers"[0m
  [1m[36mTRANSACTION (0.1ms)[0m  [1m[36mbegin transaction[0m
  [1m[36mHeroPower Create (0.5ms)[0m  [1m[32mINSERT INTO "hero_powers" ("strength", "power_id", "hero_id", "created_at", "updated_at") VALUES (?, ?, ?, ?, ?)[0m  [["strength", nil], ["power_id", 4], ["hero_id", 4], ["created_at", "2023-03-26 16:08:35.690809"], ["updated_at", "2023-03-26 16:08:35.690809"]]
  [1m[36mTRANSACTION (2.5ms)[0m  [1m[36mcommit transaction[0m
  [1m[36mTRANSACTION (0.1ms)[0m  [1m[36mbegin transaction[0m
  [1m[36mHeroPower Create (0.5ms)[0m  [1m[32mINSERT INTO "hero_powers" ("strength", "power_id", "hero_id", "created_at", "updated_at") VALUES (?, ?, ?, ?, ?)[0m  [["strength", nil], ["power_id", 8], ["hero_id", 4], ["created_at", "2023-03-26 16:08:35.701193"], ["updated_at", "2023-03-26 16:08:35.701193"]]
  [1m[36mTRANSACTION (2.5ms)[0m  [1m[36mcommit transaction[0m
  [1m[36mTRANSACTION (0.1ms)[0m  [1m[36mbegin transaction[0m
  [1m[36mHeroPower Create (0.6ms)[0m  [1m[32mINSERT INTO "hero_powers" ("strength", "power_id", "hero_id", "created_at", "updated_at") VALUES (?, ?, ?, ?, ?)[0m  [["strength", nil], ["power_id", 3], ["hero_id", 4], ["created_at", "2023-03-26 16:08:35.711490"], ["updated_at", "2023-03-26 16:08:35.711490"]]
  [1m[36mTRANSACTION (3.4ms)[0m  [1m[36mcommit transaction[0m
  [1m[36mPower Load (0.2ms)[0m  [1m[34mSELECT "powers".* FROM "powers"[0m
  [1m[36mTRANSACTION (0.1ms)[0m  [1m[36mbegin transaction[0m
  [1m[36mHeroPower Create (0.5ms)[0m  [1m[32mINSERT INTO "hero_powers" ("strength", "power_id", "hero_id", "created_at", "updated_at") VALUES (?, ?, ?, ?, ?)[0m  [["strength", nil], ["power_id", 6], ["hero_id", 5], ["created_at", "2023-03-26 16:08:35.725335"], ["updated_at", "2023-03-26 16:08:35.725335"]]
  [1m[36mTRANSACTION (2.6ms)[0m  [1m[36mcommit transaction[0m
  [1m[36mTRANSACTION (0.1ms)[0m  [1m[36mbegin transaction[0m
  [1m[36mHeroPower Create (0.5ms)[0m  [1m[32mINSERT INTO "hero_powers" ("strength", "power_id", "hero_id", "created_at", "updated_at") VALUES (?, ?, ?, ?, ?)[0m  [["strength", nil], ["power_id", 5], ["hero_id", 5], ["created_at", "2023-03-26 16:08:35.736042"], ["updated_at", "2023-03-26 16:08:35.736042"]]
  [1m[36mTRANSACTION (2.5ms)[0m  [1m[36mcommit transaction[0m
  [1m[36mTRANSACTION (0.1ms)[0m  [1m[36mbegin transaction[0m
  [1m[36mHeroPower Create (0.6ms)[0m  [1m[32mINSERT INTO "hero_powers" ("strength", "power_id", "hero_id", "created_at", "updated_at") VALUES (?, ?, ?, ?, ?)[0m  [["strength", nil], ["power_id", 1], ["hero_id", 5], ["created_at", "2023-03-26 16:08:35.745702"], ["updated_at", "2023-03-26 16:08:35.745702"]]
  [1m[36mTRANSACTION (2.6ms)[0m  [1m[36mcommit transaction[0m
  [1m[36mPower Load (0.3ms)[0m  [1m[34mSELECT "powers".* FROM "powers"[0m
  [1m[36mTRANSACTION (0.1ms)[0m  [1m[36mbegin transaction[0m
  [1m[36mHeroPower Create (0.6ms)[0m  [1m[32mINSERT INTO "hero_powers" ("strength", "power_id", "hero_id", "created_at", "updated_at") VALUES (?, ?, ?, ?, ?)[0m  [["strength", nil], ["power_id", 7], ["hero_id", 6], ["created_at", "2023-03-26 16:08:35.760342"], ["updated_at", "2023-03-26 16:08:35.760342"]]
  [1m[36mTRANSACTION (2.6ms)[0m  [1m[36mcommit transaction[0m
  [1m[36mTRANSACTION (0.1ms)[0m  [1m[36mbegin transaction[0m
  [1m[36mHeroPower Create (0.7ms)[0m  [1m[32mINSERT INTO "hero_powers" ("strength", "power_id", "hero_id", "created_at", "updated_at") VALUES (?, ?, ?, ?, ?)[0m  [["strength", nil], ["power_id", 9], ["hero_id", 6], ["created_at", "2023-03-26 16:08:35.771648"], ["updated_at", "2023-03-26 16:08:35.771648"]]
  [1m[36mTRANSACTION (2.6ms)[0m  [1m[36mcommit transaction[0m
  [1m[36mTRANSACTION (0.1ms)[0m  [1m[36mbegin transaction[0m
  [1m[36mHeroPower Create (0.5ms)[0m  [1m[32mINSERT INTO "hero_powers" ("strength", "power_id", "hero_id", "created_at", "updated_at") VALUES (?, ?, ?, ?, ?)[0m  [["strength", nil], ["power_id", 5], ["hero_id", 6], ["created_at", "2023-03-26 16:08:35.783074"], ["updated_at", "2023-03-26 16:08:35.783074"]]
  [1m[36mTRANSACTION (3.3ms)[0m  [1m[36mcommit transaction[0m
  [1m[36mPower Load (0.2ms)[0m  [1m[34mSELECT "powers".* FROM "powers"[0m
  [1m[36mTRANSACTION (0.1ms)[0m  [1m[36mbegin transaction[0m
  [1m[36mHeroPower Create (0.5ms)[0m  [1m[32mINSERT INTO "hero_powers" ("strength", "power_id", "hero_id", "created_at", "updated_at") VALUES (?, ?, ?, ?, ?)[0m  [["strength", nil], ["power_id", 7], ["hero_id", 7], ["created_at", "2023-03-26 16:08:35.796914"], ["updated_at", "2023-03-26 16:08:35.796914"]]
  [1m[36mTRANSACTION (2.8ms)[0m  [1m[36mcommit transaction[0m
  [1m[36mTRANSACTION (0.1ms)[0m  [1m[36mbegin transaction[0m
  [1m[36mHeroPower Create (0.5ms)[0m  [1m[32mINSERT INTO "hero_powers" ("strength", "power_id", "hero_id", "created_at", "updated_at") VALUES (?, ?, ?, ?, ?)[0m  [["strength", nil], ["power_id", 5], ["hero_id", 7], ["created_at", "2023-03-26 16:08:35.807346"], ["updated_at", "2023-03-26 16:08:35.807346"]]
  [1m[36mTRANSACTION (2.6ms)[0m  [1m[36mcommit transaction[0m
  [1m[36mTRANSACTION (0.1ms)[0m  [1m[36mbegin transaction[0m
  [1m[36mHeroPower Create (0.6ms)[0m  [1m[32mINSERT INTO "hero_powers" ("strength", "power_id", "hero_id", "created_at", "updated_at") VALUES (?, ?, ?, ?, ?)[0m  [["strength", nil], ["power_id", 6], ["hero_id", 7], ["created_at", "2023-03-26 16:08:35.817967"], ["updated_at", "2023-03-26 16:08:35.817967"]]
  [1m[36mTRANSACTION (2.5ms)[0m  [1m[36mcommit transaction[0m
  [1m[36mPower Load (0.2ms)[0m  [1m[34mSELECT "powers".* FROM "powers"[0m
  [1m[36mTRANSACTION (0.1ms)[0m  [1m[36mbegin transaction[0m
  [1m[36mHeroPower Create (0.5ms)[0m  [1m[32mINSERT INTO "hero_powers" ("strength", "power_id", "hero_id", "created_at", "updated_at") VALUES (?, ?, ?, ?, ?)[0m  [["strength", nil], ["power_id", 2], ["hero_id", 8], ["created_at", "2023-03-26 16:08:35.830824"], ["updated_at", "2023-03-26 16:08:35.830824"]]
  [1m[36mTRANSACTION (2.9ms)[0m  [1m[36mcommit transaction[0m
  [1m[36mTRANSACTION (0.1ms)[0m  [1m[36mbegin transaction[0m
  [1m[36mHeroPower Create (0.5ms)[0m  [1m[32mINSERT INTO "hero_powers" ("strength", "power_id", "hero_id", "created_at", "updated_at") VALUES (?, ?, ?, ?, ?)[0m  [["strength", nil], ["power_id", 7], ["hero_id", 8], ["created_at", "2023-03-26 16:08:35.840895"], ["updated_at", "2023-03-26 16:08:35.840895"]]
  [1m[36mTRANSACTION (2.4ms)[0m  [1m[36mcommit transaction[0m
  [1m[36mTRANSACTION (0.1ms)[0m  [1m[36mbegin transaction[0m
  [1m[36mHeroPower Create (0.5ms)[0m  [1m[32mINSERT INTO "hero_powers" ("strength", "power_id", "hero_id", "created_at", "updated_at") VALUES (?, ?, ?, ?, ?)[0m  [["strength", nil], ["power_id", 6], ["hero_id", 8], ["created_at", "2023-03-26 16:08:35.850513"], ["updated_at", "2023-03-26 16:08:35.850513"]]
  [1m[36mTRANSACTION (2.7ms)[0m  [1m[36mcommit transaction[0m
  [1m[36mPower Load (0.2ms)[0m  [1m[34mSELECT "powers".* FROM "powers"[0m
  [1m[36mTRANSACTION (0.1ms)[0m  [1m[36mbegin transaction[0m
  [1m[36mHeroPower Create (0.6ms)[0m  [1m[32mINSERT INTO "hero_powers" ("strength", "power_id", "hero_id", "created_at", "updated_at") VALUES (?, ?, ?, ?, ?)[0m  [["strength", nil], ["power_id", 5], ["hero_id", 9], ["created_at", "2023-03-26 16:08:35.862741"], ["updated_at", "2023-03-26 16:08:35.862741"]]
  [1m[36mTRANSACTION (2.7ms)[0m  [1m[36mcommit transaction[0m
  [1m[36mTRANSACTION (0.1ms)[0m  [1m[36mbegin transaction[0m
  [1m[36mHeroPower Create (0.6ms)[0m  [1m[32mINSERT INTO "hero_powers" ("strength", "power_id", "hero_id", "created_at", "updated_at") VALUES (?, ?, ?, ?, ?)[0m  [["strength", nil], ["power_id", 1], ["hero_id", 9], ["created_at", "2023-03-26 16:08:35.872807"], ["updated_at", "2023-03-26 16:08:35.872807"]]
  [1m[36mTRANSACTION (2.4ms)[0m  [1m[36mcommit transaction[0m
  [1m[36mTRANSACTION (0.1ms)[0m  [1m[36mbegin transaction[0m
  [1m[36mHeroPower Create (0.5ms)[0m  [1m[32mINSERT INTO "hero_powers" ("strength", "power_id", "hero_id", "created_at", "updated_at") VALUES (?, ?, ?, ?, ?)[0m  [["strength", nil], ["power_id", 6], ["hero_id", 9], ["created_at", "2023-03-26 16:08:35.883704"], ["updated_at", "2023-03-26 16:08:35.883704"]]
  [1m[36mTRANSACTION (2.6ms)[0m  [1m[36mcommit transaction[0m
  [1m[36mPower Load (0.2ms)[0m  [1m[34mSELECT "powers".* FROM "powers"[0m
  [1m[36mTRANSACTION (0.1ms)[0m  [1m[36mbegin transaction[0m
  [1m[36mHeroPower Create (0.5ms)[0m  [1m[32mINSERT INTO "hero_powers" ("strength", "power_id", "hero_id", "created_at", "updated_at") VALUES (?, ?, ?, ?, ?)[0m  [["strength", nil], ["power_id", 1], ["hero_id", 10], ["created_at", "2023-03-26 16:08:35.897272"], ["updated_at", "2023-03-26 16:08:35.897272"]]
  [1m[36mTRANSACTION (2.9ms)[0m  [1m[36mcommit transaction[0m
  [1m[36mTRANSACTION (0.1ms)[0m  [1m[36mbegin transaction[0m
  [1m[36mHeroPower Create (0.5ms)[0m  [1m[32mINSERT INTO "hero_powers" ("strength", "power_id", "hero_id", "created_at", "updated_at") VALUES (?, ?, ?, ?, ?)[0m  [["strength", nil], ["power_id", 2], ["hero_id", 10], ["created_at", "2023-03-26 16:08:35.907202"], ["updated_at", "2023-03-26 16:08:35.907202"]]
  [1m[36mTRANSACTION (3.0ms)[0m  [1m[36mcommit transaction[0m
  [1m[36mTRANSACTION (0.1ms)[0m  [1m[36mbegin transaction[0m
  [1m[36mHeroPower Create (0.6ms)[0m  [1m[32mINSERT INTO "hero_powers" ("strength", "power_id", "hero_id", "created_at", "updated_at") VALUES (?, ?, ?, ?, ?)[0m  [["strength", nil], ["power_id", 4], ["hero_id", 10], ["created_at", "2023-03-26 16:08:35.917118"], ["updated_at", "2023-03-26 16:08:35.917118"]]
  [1m[36mTRANSACTION (2.4ms)[0m  [1m[36mcommit transaction[0m
  [1m[36mActiveRecord::SchemaMigration Pluck (0.1ms)[0m  [1m[34mSELECT "schema_migrations"."version" FROM "schema_migrations" ORDER BY "schema_migrations"."version" ASC[0m
  [1m[36mActiveRecord::InternalMetadata Pluck (0.1ms)[0m  [1m[34mSELECT "ar_internal_metadata"."value" FROM "ar_internal_metadata" WHERE "ar_internal_metadata"."key" = ? LIMIT ?[0m  [["key", "environment"], ["LIMIT", 1]]
  [1m[36mActiveRecord::SchemaMigration Pluck (0.1ms)[0m  [1m[34mSELECT "schema_migrations"."version" FROM "schema_migrations" ORDER BY "schema_migrations"."version" ASC[0m
  [1m[36mActiveRecord::InternalMetadata Pluck (0.2ms)[0m  [1m[34mSELECT "ar_internal_metadata"."value" FROM "ar_internal_metadata" WHERE "ar_internal_metadata"."key" = ? LIMIT ?[0m  [["key", "environment"], ["LIMIT", 1]]
  [1m[36mActiveRecord::SchemaMigration Pluck (0.1ms)[0m  [1m[34mSELECT "schema_migrations"."version" FROM "schema_migrations" ORDER BY "schema_migrations"."version" ASC[0m
  [1m[36mActiveRecord::InternalMetadata Pluck (0.1ms)[0m  [1m[34mSELECT "ar_internal_metadata"."value" FROM "ar_internal_metadata" WHERE "ar_internal_metadata"."key" = ? LIMIT ?[0m  [["key", "environment"], ["LIMIT", 1]]
  [1m[35m (4.6ms)[0m  [1m[35mCREATE TABLE "schema_migrations" ("version" varchar NOT NULL PRIMARY KEY)[0m
  [1m[35m (2.8ms)[0m  [1m[35mCREATE TABLE "ar_internal_metadata" ("key" varchar NOT NULL PRIMARY KEY, "value" varchar, "created_at" datetime(6) NOT NULL, "updated_at" datetime(6) NOT NULL)[0m
  [1m[36mActiveRecord::SchemaMigration Pluck (0.2ms)[0m  [1m[34mSELECT "schema_migrations"."version" FROM "schema_migrations" ORDER BY "schema_migrations"."version" ASC[0m
Migrating to CreateHeros (20230326154918)
  [1m[36mTRANSACTION (0.2ms)[0m  [1m[36mbegin transaction[0m
  [1m[35m (0.6ms)[0m  [1m[35mCREATE TABLE "heros" ("id" integer PRIMARY KEY AUTOINCREMENT NOT NULL, "name" varchar, "super_name" varchar, "created_at" datetime(6) NOT NULL, "updated_at" datetime(6) NOT NULL)[0m
  [1m[36mActiveRecord::SchemaMigration Create (0.4ms)[0m  [1m[32mINSERT INTO "schema_migrations" ("version") VALUES (?)[0m  [["version", "20230326154918"]]
  [1m[36mTRANSACTION (2.8ms)[0m  [1m[36mcommit transaction[0m
Migrating to CreatePowers (20230326155010)
  [1m[36mTRANSACTION (0.2ms)[0m  [1m[36mbegin transaction[0m
  [1m[35m (0.6ms)[0m  [1m[35mCREATE TABLE "powers" ("id" integer PRIMARY KEY AUTOINCREMENT NOT NULL, "name" varchar, "description" varchar, "created_at" datetime(6) NOT NULL, "updated_at" datetime(6) NOT NULL)[0m
  [1m[36mActiveRecord::SchemaMigration Create (0.8ms)[0m  [1m[32mINSERT INTO "schema_migrations" ("version") VALUES (?)[0m  [["version", "20230326155010"]]
  [1m[36mTRANSACTION (2.9ms)[0m  [1m[36mcommit transaction[0m
Migrating to CreateHeroPowers (20230326155142)
  [1m[36mTRANSACTION (0.2ms)[0m  [1m[36mbegin transaction[0m
  [1m[35m (0.7ms)[0m  [1m[35mCREATE TABLE "hero_powers" ("id" integer PRIMARY KEY AUTOINCREMENT NOT NULL, "strength" varchar, "power_id" integer NOT NULL, "hero_id" integer NOT NULL, "created_at" datetime(6) NOT NULL, "updated_at" datetime(6) NOT NULL, CONSTRAINT "fk_rails_1e7d81986f"
FOREIGN KEY ("power_id")
  REFERENCES "powers" ("id")
, CONSTRAINT "fk_rails_a064e6fddd"
FOREIGN KEY ("hero_id")
  REFERENCES "heros" ("id")
)[0m
  [1m[35m (0.3ms)[0m  [1m[35mCREATE INDEX "index_hero_powers_on_power_id" ON "hero_powers" ("power_id")[0m
  [1m[35m (0.3ms)[0m  [1m[35mCREATE INDEX "index_hero_powers_on_hero_id" ON "hero_powers" ("hero_id")[0m
  [1m[36mActiveRecord::SchemaMigration Create (0.3ms)[0m  [1m[32mINSERT INTO "schema_migrations" ("version") VALUES (?)[0m  [["version", "20230326155142"]]
  [1m[36mTRANSACTION (3.0ms)[0m  [1m[36mcommit transaction[0m
  [1m[36mActiveRecord::InternalMetadata Load (0.8ms)[0m  [1m[34mSELECT "ar_internal_metadata".* FROM "ar_internal_metadata" WHERE "ar_internal_metadata"."key" = ? LIMIT ?[0m  [["key", "environment"], ["LIMIT", 1]]
  [1m[36mTRANSACTION (0.1ms)[0m  [1m[36mbegin transaction[0m
  [1m[36mActiveRecord::InternalMetadata Create (0.5ms)[0m  [1m[32mINSERT INTO "ar_internal_metadata" ("key", "value", "created_at", "updated_at") VALUES (?, ?, ?, ?)[0m  [["key", "environment"], ["value", "development"], ["created_at", "2023-03-26 16:13:00.711015"], ["updated_at", "2023-03-26 16:13:00.711015"]]
  [1m[36mTRANSACTION (2.9ms)[0m  [1m[36mcommit transaction[0m
  [1m[36mActiveRecord::SchemaMigration Pluck (0.3ms)[0m  [1m[34mSELECT "schema_migrations"."version" FROM "schema_migrations" ORDER BY "schema_migrations"."version" ASC[0m
  [1m[36mActiveRecord::SchemaMigration Pluck (0.2ms)[0m  [1m[34mSELECT "schema_migrations"."version" FROM "schema_migrations" ORDER BY "schema_migrations"."version" ASC[0m
  [1m[36mTRANSACTION (0.0ms)[0m  [1m[36mbegin transaction[0m
  [1m[36mHero Create (0.4ms)[0m  [1m[32mINSERT INTO "heros" ("name", "super_name", "created_at", "updated_at") VALUES (?, ?, ?, ?)[0m  [["name", "Joel Gottlieb CPA"], ["super_name", "Marceline Mraz"], ["created_at", "2023-03-26 16:13:01.113942"], ["updated_at", "2023-03-26 16:13:01.113942"]]
  [1m[36mTRANSACTION (4.2ms)[0m  [1m[36mcommit transaction[0m
  [1m[36mTRANSACTION (0.1ms)[0m  [1m[36mbegin transaction[0m
  [1m[36mHero Create (0.4ms)[0m  [1m[32mINSERT INTO "heros" ("name", "super_name", "created_at", "updated_at") VALUES (?, ?, ?, ?)[0m  [["name", "Moshe Williamson IV"], ["super_name", "Dr. Jeffry Glover"], ["created_at", "2023-03-26 16:13:01.126923"], ["updated_at", "2023-03-26 16:13:01.126923"]]
  [1m[36mTRANSACTION (2.2ms)[0m  [1m[36mcommit transaction[0m
  [1m[36mTRANSACTION (0.1ms)[0m  [1m[36mbegin transaction[0m
  [1m[36mHero Create (0.4ms)[0m  [1m[32mINSERT INTO "heros" ("name", "super_name", "created_at", "updated_at") VALUES (?, ?, ?, ?)[0m  [["name", "Ms. Randal Windler"], ["super_name", "Manie Morissette"], ["created_at", "2023-03-26 16:13:01.137833"], ["updated_at", "2023-03-26 16:13:01.137833"]]
  [1m[36mTRANSACTION (2.3ms)[0m  [1m[36mcommit transaction[0m
  [1m[36mTRANSACTION (0.1ms)[0m  [1m[36mbegin transaction[0m
  [1m[36mHero Create (0.4ms)[0m  [1m[32mINSERT INTO "heros" ("name", "super_name", "created_at", "updated_at") VALUES (?, ?, ?, ?)[0m  [["name", "Jerrod Runolfsdottir"], ["super_name", "Mafalda Klocko"], ["created_at", "2023-03-26 16:13:01.149175"], ["updated_at", "2023-03-26 16:13:01.149175"]]
  [1m[36mTRANSACTION (3.0ms)[0m  [1m[36mcommit transaction[0m
  [1m[36mTRANSACTION (0.1ms)[0m  [1m[36mbegin transaction[0m
  [1m[36mHero Create (0.3ms)[0m  [1m[32mINSERT INTO "heros" ("name", "super_name", "created_at", "updated_at") VALUES (?, ?, ?, ?)[0m  [["name", "Beaulah Hermiston DVM"], ["super_name", "Rev. Rene Boyer"], ["created_at", "2023-03-26 16:13:01.161670"], ["updated_at", "2023-03-26 16:13:01.161670"]]
  [1m[36mTRANSACTION (2.7ms)[0m  [1m[36mcommit transaction[0m
  [1m[36mTRANSACTION (0.1ms)[0m  [1m[36mbegin transaction[0m
  [1m[36mHero Create (0.4ms)[0m  [1m[32mINSERT INTO "heros" ("name", "super_name", "created_at", "updated_at") VALUES (?, ?, ?, ?)[0m  [["name", "Jeannetta Labadie"], ["super_name", "Rosanne Senger"], ["created_at", "2023-03-26 16:13:01.173639"], ["updated_at", "2023-03-26 16:13:01.173639"]]
  [1m[36mTRANSACTION (2.2ms)[0m  [1m[36mcommit transaction[0m
  [1m[36mTRANSACTION (0.1ms)[0m  [1m[36mbegin transaction[0m
  [1m[36mHero Create (0.3ms)[0m  [1m[32mINSERT INTO "heros" ("name", "super_name", "created_at", "updated_at") VALUES (?, ?, ?, ?)[0m  [["name", "Rema Spinka"], ["super_name", "Fr. Cameron Bode"], ["created_at", "2023-03-26 16:13:01.184826"], ["updated_at", "2023-03-26 16:13:01.184826"]]
  [1m[36mTRANSACTION (2.1ms)[0m  [1m[36mcommit transaction[0m
  [1m[36mTRANSACTION (0.1ms)[0m  [1m[36mbegin transaction[0m
  [1m[36mHero Create (0.4ms)[0m  [1m[32mINSERT INTO "heros" ("name", "super_name", "created_at", "updated_at") VALUES (?, ?, ?, ?)[0m  [["name", "Amb. Rudy Schmidt"], ["super_name", "Xuan Sporer"], ["created_at", "2023-03-26 16:13:01.196298"], ["updated_at", "2023-03-26 16:13:01.196298"]]
  [1m[36mTRANSACTION (2.6ms)[0m  [1m[36mcommit transaction[0m
  [1m[36mTRANSACTION (0.1ms)[0m  [1m[36mbegin transaction[0m
  [1m[36mHero Create (0.4ms)[0m  [1m[32mINSERT INTO "heros" ("name", "super_name", "created_at", "updated_at") VALUES (?, ?, ?, ?)[0m  [["name", "Shane Stehr"], ["super_name", "Krista Kuphal"], ["created_at", "2023-03-26 16:13:01.209440"], ["updated_at", "2023-03-26 16:13:01.209440"]]
  [1m[36mTRANSACTION (2.3ms)[0m  [1m[36mcommit transaction[0m
  [1m[36mTRANSACTION (0.1ms)[0m  [1m[36mbegin transaction[0m
  [1m[36mHero Create (0.4ms)[0m  [1m[32mINSERT INTO "heros" ("name", "super_name", "created_at", "updated_at") VALUES (?, ?, ?, ?)[0m  [["name", "Rep. Marilu Goodwin"], ["super_name", "Isiah Gusikowski"], ["created_at", "2023-03-26 16:13:01.222768"], ["updated_at", "2023-03-26 16:13:01.222768"]]
  [1m[36mTRANSACTION (2.2ms)[0m  [1m[36mcommit transaction[0m
  [1m[36mTRANSACTION (0.1ms)[0m  [1m[36mbegin transaction[0m
  [1m[36mPower Create (0.4ms)[0m  [1m[32mINSERT INTO "powers" ("name", "description", "created_at", "updated_at") VALUES (?, ?, ?, ?)[0m  [["name", "Animal Attributes"], ["description", "Temporibus in qui. Iusto non laborum. Magni consequatur fugit."], ["created_at", "2023-03-26 16:13:01.257562"], ["updated_at", "2023-03-26 16:13:01.257562"]]
  [1m[36mTRANSACTION (2.2ms)[0m  [1m[36mcommit transaction[0m
  [1m[36mTRANSACTION (0.1ms)[0m  [1m[36mbegin transaction[0m
  [1m[36mPower Create (0.4ms)[0m  [1m[32mINSERT INTO "powers" ("name", "description", "created_at", "updated_at") VALUES (?, ?, ?, ?)[0m  [["name", "Absorption"], ["description", "Et ad hic. Non excepturi asperiores. Iure tenetur sequi."], ["created_at", "2023-03-26 16:13:01.269020"], ["updated_at", "2023-03-26 16:13:01.269020"]]
  [1m[36mTRANSACTION (2.2ms)[0m  [1m[36mcommit transaction[0m
  [1m[36mTRANSACTION (0.1ms)[0m  [1m[36mbegin transaction[0m
  [1m[36mPower Create (0.3ms)[0m  [1m[32mINSERT INTO "powers" ("name", "description", "created_at", "updated_at") VALUES (?, ?, ?, ?)[0m  [["name", "Pyrokinesis"], ["description", "Sequi hic soluta. Assumenda molestias maiores. Soluta sit nesciunt."], ["created_at", "2023-03-26 16:13:01.280140"], ["updated_at", "2023-03-26 16:13:01.280140"]]
  [1m[36mTRANSACTION (2.1ms)[0m  [1m[36mcommit transaction[0m
  [1m[36mTRANSACTION (0.1ms)[0m  [1m[36mbegin transaction[0m
  [1m[36mPower Create (0.3ms)[0m  [1m[32mINSERT INTO "powers" ("name", "description", "created_at", "updated_at") VALUES (?, ?, ?, ?)[0m  [["name", "Super Strength"], ["description", "Consequatur error eaque. Aspernatur illo fugiat. Voluptatem veritatis porro."], ["created_at", "2023-03-26 16:13:01.291045"], ["updated_at", "2023-03-26 16:13:01.291045"]]
  [1m[36mTRANSACTION (2.1ms)[0m  [1m[36mcommit transaction[0m
  [1m[36mTRANSACTION (0.1ms)[0m  [1m[36mbegin transaction[0m
  [1m[36mPower Create (0.3ms)[0m  [1m[32mINSERT INTO "powers" ("name", "description", "created_at", "updated_at") VALUES (?, ?, ?, ?)[0m  [["name", "Lantern Power Ring"], ["description", "Mollitia suscipit provident. Eveniet minus officia. Maxime non eveniet."], ["created_at", "2023-03-26 16:13:01.301911"], ["updated_at", "2023-03-26 16:13:01.301911"]]
  [1m[36mTRANSACTION (2.1ms)[0m  [1m[36mcommit transaction[0m
  [1m[36mTRANSACTION (0.1ms)[0m  [1m[36mbegin transaction[0m
  [1m[36mPower Create (0.3ms)[0m  [1m[32mINSERT INTO "powers" ("name", "description", "created_at", "updated_at") VALUES (?, ?, ?, ?)[0m  [["name", "Molecular Dissipation"], ["description", "Commodi vel excepturi. Cumque voluptate id. Est sunt ut."], ["created_at", "2023-03-26 16:13:01.312701"], ["updated_at", "2023-03-26 16:13:01.312701"]]
  [1m[36mTRANSACTION (2.2ms)[0m  [1m[36mcommit transaction[0m
  [1m[36mTRANSACTION (0.1ms)[0m  [1m[36mbegin transaction[0m
  [1m[36mPower Create (0.3ms)[0m  [1m[32mINSERT INTO "powers" ("name", "description", "created_at", "updated_at") VALUES (?, ?, ?, ?)[0m  [["name", "Gravitokinesis"], ["description", "Nisi sit architecto. Unde et temporibus. Quae non aut."], ["created_at", "2023-03-26 16:13:01.323458"], ["updated_at", "2023-03-26 16:13:01.323458"]]
  [1m[36mTRANSACTION (2.2ms)[0m  [1m[36mcommit transaction[0m
  [1m[36mTRANSACTION (0.1ms)[0m  [1m[36mbegin transaction[0m
  [1m[36mPower Create (0.3ms)[0m  [1m[32mINSERT INTO "powers" ("name", "description", "created_at", "updated_at") VALUES (?, ?, ?, ?)[0m  [["name", "Timeframe Control"], ["description", "Blanditiis pariatur sint. Quis inventore et. Voluptatem exercitationem et."], ["created_at", "2023-03-26 16:13:01.334302"], ["updated_at", "2023-03-26 16:13:01.334302"]]
  [1m[36mTRANSACTION (2.2ms)[0m  [1m[36mcommit transaction[0m
  [1m[36mTRANSACTION (0.1ms)[0m  [1m[36mbegin transaction[0m
  [1m[36mPower Create (0.3ms)[0m  [1m[32mINSERT INTO "powers" ("name", "description", "created_at", "updated_at") VALUES (?, ?, ?, ?)[0m  [["name", "Summoning"], ["description", "Adipisci optio ut. Quod nisi reprehenderit. Sapiente ut placeat."], ["created_at", "2023-03-26 16:13:01.345198"], ["updated_at", "2023-03-26 16:13:01.345198"]]
  [1m[36mTRANSACTION (2.1ms)[0m  [1m[36mcommit transaction[0m
  [1m[36mTRANSACTION (0.1ms)[0m  [1m[36mbegin transaction[0m
  [1m[36mPower Create (0.3ms)[0m  [1m[32mINSERT INTO "powers" ("name", "description", "created_at", "updated_at") VALUES (?, ?, ?, ?)[0m  [["name", "Illumination"], ["description", "Voluptas ex rerum. Enim doloribus omnis. Quam blanditiis praesentium."], ["created_at", "2023-03-26 16:13:01.355818"], ["updated_at", "2023-03-26 16:13:01.355818"]]
  [1m[36mTRANSACTION (2.3ms)[0m  [1m[36mcommit transaction[0m
  [1m[36mHero Load (0.3ms)[0m  [1m[34mSELECT "heros".* FROM "heros"[0m
  [1m[36mPower Load (0.3ms)[0m  [1m[34mSELECT "powers".* FROM "powers"[0m
  [1m[36mTRANSACTION (0.1ms)[0m  [1m[36mbegin transaction[0m
  [1m[36mHeroPower Create (0.5ms)[0m  [1m[32mINSERT INTO "hero_powers" ("strength", "power_id", "hero_id", "created_at", "updated_at") VALUES (?, ?, ?, ?, ?)[0m  [["strength", "average"], ["power_id", 6], ["hero_id", 1], ["created_at", "2023-03-26 16:13:01.433122"], ["updated_at", "2023-03-26 16:13:01.433122"]]
  [1m[36mTRANSACTION (2.6ms)[0m  [1m[36mcommit transaction[0m
  [1m[36mTRANSACTION (0.1ms)[0m  [1m[36mbegin transaction[0m
  [1m[36mHeroPower Create (0.5ms)[0m  [1m[32mINSERT INTO "hero_powers" ("strength", "power_id", "hero_id", "created_at", "updated_at") VALUES (?, ?, ?, ?, ?)[0m  [["strength", "average"], ["power_id", 5], ["hero_id", 1], ["created_at", "2023-03-26 16:13:01.445326"], ["updated_at", "2023-03-26 16:13:01.445326"]]
  [1m[36mTRANSACTION (7.1ms)[0m  [1m[36mcommit transaction[0m
  [1m[36mTRANSACTION (0.1ms)[0m  [1m[36mbegin transaction[0m
  [1m[36mHeroPower Create (0.5ms)[0m  [1m[32mINSERT INTO "hero_powers" ("strength", "power_id", "hero_id", "created_at", "updated_at") VALUES (?, ?, ?, ?, ?)[0m  [["strength", "average"], ["power_id", 10], ["hero_id", 1], ["created_at", "2023-03-26 16:13:01.460959"], ["updated_at", "2023-03-26 16:13:01.460959"]]
  [1m[36mTRANSACTION (2.3ms)[0m  [1m[36mcommit transaction[0m
  [1m[36mPower Load (0.2ms)[0m  [1m[34mSELECT "powers".* FROM "powers"[0m
  [1m[36mTRANSACTION (0.1ms)[0m  [1m[36mbegin transaction[0m
  [1m[36mHeroPower Create (0.5ms)[0m  [1m[32mINSERT INTO "hero_powers" ("strength", "power_id", "hero_id", "created_at", "updated_at") VALUES (?, ?, ?, ?, ?)[0m  [["strength", "average"], ["power_id", 2], ["hero_id", 2], ["created_at", "2023-03-26 16:13:01.474137"], ["updated_at", "2023-03-26 16:13:01.474137"]]
  [1m[36mTRANSACTION (2.4ms)[0m  [1m[36mcommit transaction[0m
  [1m[36mTRANSACTION (0.1ms)[0m  [1m[36mbegin transaction[0m
  [1m[36mHeroPower Create (0.4ms)[0m  [1m[32mINSERT INTO "hero_powers" ("strength", "power_id", "hero_id", "created_at", "updated_at") VALUES (?, ?, ?, ?, ?)[0m  [["strength", "average"], ["power_id", 1], ["hero_id", 2], ["created_at", "2023-03-26 16:13:01.485270"], ["updated_at", "2023-03-26 16:13:01.485270"]]
  [1m[36mTRANSACTION (2.5ms)[0m  [1m[36mcommit transaction[0m
  [1m[36mTRANSACTION (0.1ms)[0m  [1m[36mbegin transaction[0m
  [1m[36mHeroPower Create (0.5ms)[0m  [1m[32mINSERT INTO "hero_powers" ("strength", "power_id", "hero_id", "created_at", "updated_at") VALUES (?, ?, ?, ?, ?)[0m  [["strength", "average"], ["power_id", 8], ["hero_id", 2], ["created_at", "2023-03-26 16:13:01.496692"], ["updated_at", "2023-03-26 16:13:01.496692"]]
  [1m[36mTRANSACTION (2.3ms)[0m  [1m[36mcommit transaction[0m
  [1m[36mPower Load (0.2ms)[0m  [1m[34mSELECT "powers".* FROM "powers"[0m
  [1m[36mTRANSACTION (0.1ms)[0m  [1m[36mbegin transaction[0m
  [1m[36mHeroPower Create (0.5ms)[0m  [1m[32mINSERT INTO "hero_powers" ("strength", "power_id", "hero_id", "created_at", "updated_at") VALUES (?, ?, ?, ?, ?)[0m  [["strength", "average"], ["power_id", 2], ["hero_id", 3], ["created_at", "2023-03-26 16:13:01.511085"], ["updated_at", "2023-03-26 16:13:01.511085"]]
  [1m[36mTRANSACTION (2.4ms)[0m  [1m[36mcommit transaction[0m
  [1m[36mTRANSACTION (0.1ms)[0m  [1m[36mbegin transaction[0m
  [1m[36mHeroPower Create (0.5ms)[0m  [1m[32mINSERT INTO "hero_powers" ("strength", "power_id", "hero_id", "created_at", "updated_at") VALUES (?, ?, ?, ?, ?)[0m  [["strength", "average"], ["power_id", 3], ["hero_id", 3], ["created_at", "2023-03-26 16:13:01.522203"], ["updated_at", "2023-03-26 16:13:01.522203"]]
  [1m[36mTRANSACTION (2.3ms)[0m  [1m[36mcommit transaction[0m
  [1m[36mTRANSACTION (0.1ms)[0m  [1m[36mbegin transaction[0m
  [1m[36mHeroPower Create (0.5ms)[0m  [1m[32mINSERT INTO "hero_powers" ("strength", "power_id", "hero_id", "created_at", "updated_at") VALUES (?, ?, ?, ?, ?)[0m  [["strength", "average"], ["power_id", 10], ["hero_id", 3], ["created_at", "2023-03-26 16:13:01.533765"], ["updated_at", "2023-03-26 16:13:01.533765"]]
  [1m[36mTRANSACTION (2.3ms)[0m  [1m[36mcommit transaction[0m
  [1m[36mPower Load (0.3ms)[0m  [1m[34mSELECT "powers".* FROM "powers"[0m
  [1m[36mTRANSACTION (0.1ms)[0m  [1m[36mbegin transaction[0m
  [1m[36mHeroPower Create (0.5ms)[0m  [1m[32mINSERT INTO "hero_powers" ("strength", "power_id", "hero_id", "created_at", "updated_at") VALUES (?, ?, ?, ?, ?)[0m  [["strength", "average"], ["power_id", 1], ["hero_id", 4], ["created_at", "2023-03-26 16:13:01.547880"], ["updated_at", "2023-03-26 16:13:01.547880"]]
  [1m[36mTRANSACTION (2.3ms)[0m  [1m[36mcommit transaction[0m
  [1m[36mTRANSACTION (0.1ms)[0m  [1m[36mbegin transaction[0m
  [1m[36mHeroPower Create (0.5ms)[0m  [1m[32mINSERT INTO "hero_powers" ("strength", "power_id", "hero_id", "created_at", "updated_at") VALUES (?, ?, ?, ?, ?)[0m  [["strength", "average"], ["power_id", 10], ["hero_id", 4], ["created_at", "2023-03-26 16:13:01.559750"], ["updated_at", "2023-03-26 16:13:01.559750"]]
  [1m[36mTRANSACTION (3.0ms)[0m  [1m[36mcommit transaction[0m
  [1m[36mTRANSACTION (0.1ms)[0m  [1m[36mbegin transaction[0m
  [1m[36mHeroPower Create (0.5ms)[0m  [1m[32mINSERT INTO "hero_powers" ("strength", "power_id", "hero_id", "created_at", "updated_at") VALUES (?, ?, ?, ?, ?)[0m  [["strength", "average"], ["power_id", 4], ["hero_id", 4], ["created_at", "2023-03-26 16:13:01.571765"], ["updated_at", "2023-03-26 16:13:01.571765"]]
  [1m[36mTRANSACTION (2.8ms)[0m  [1m[36mcommit transaction[0m
  [1m[36mPower Load (0.2ms)[0m  [1m[34mSELECT "powers".* FROM "powers"[0m
  [1m[36mTRANSACTION (0.1ms)[0m  [1m[36mbegin transaction[0m
  [1m[36mHeroPower Create (0.6ms)[0m  [1m[32mINSERT INTO "hero_powers" ("strength", "power_id", "hero_id", "created_at", "updated_at") VALUES (?, ?, ?, ?, ?)[0m  [["strength", "average"], ["power_id", 2], ["hero_id", 5], ["created_at", "2023-03-26 16:13:01.586889"], ["updated_at", "2023-03-26 16:13:01.586889"]]
  [1m[36mTRANSACTION (2.6ms)[0m  [1m[36mcommit transaction[0m
  [1m[36mTRANSACTION (0.1ms)[0m  [1m[36mbegin transaction[0m
  [1m[36mHeroPower Create (0.5ms)[0m  [1m[32mINSERT INTO "hero_powers" ("strength", "power_id", "hero_id", "created_at", "updated_at") VALUES (?, ?, ?, ?, ?)[0m  [["strength", "average"], ["power_id", 1], ["hero_id", 5], ["created_at", "2023-03-26 16:13:01.598221"], ["updated_at", "2023-03-26 16:13:01.598221"]]
  [1m[36mTRANSACTION (2.3ms)[0m  [1m[36mcommit transaction[0m
  [1m[36mTRANSACTION (0.1ms)[0m  [1m[36mbegin transaction[0m
  [1m[36mHeroPower Create (0.5ms)[0m  [1m[32mINSERT INTO "hero_powers" ("strength", "power_id", "hero_id", "created_at", "updated_at") VALUES (?, ?, ?, ?, ?)[0m  [["strength", "average"], ["power_id", 10], ["hero_id", 5], ["created_at", "2023-03-26 16:13:01.609731"], ["updated_at", "2023-03-26 16:13:01.609731"]]
  [1m[36mTRANSACTION (2.3ms)[0m  [1m[36mcommit transaction[0m
  [1m[36mPower Load (0.2ms)[0m  [1m[34mSELECT "powers".* FROM "powers"[0m
  [1m[36mTRANSACTION (0.1ms)[0m  [1m[36mbegin transaction[0m
  [1m[36mHeroPower Create (0.5ms)[0m  [1m[32mINSERT INTO "hero_powers" ("strength", "power_id", "hero_id", "created_at", "updated_at") VALUES (?, ?, ?, ?, ?)[0m  [["strength", "average"], ["power_id", 4], ["hero_id", 6], ["created_at", "2023-03-26 16:13:01.622530"], ["updated_at", "2023-03-26 16:13:01.622530"]]
  [1m[36mTRANSACTION (2.4ms)[0m  [1m[36mcommit transaction[0m
  [1m[36mTRANSACTION (0.1ms)[0m  [1m[36mbegin transaction[0m
  [1m[36mHeroPower Create (0.5ms)[0m  [1m[32mINSERT INTO "hero_powers" ("strength", "power_id", "hero_id", "created_at", "updated_at") VALUES (?, ?, ?, ?, ?)[0m  [["strength", "average"], ["power_id", 1], ["hero_id", 6], ["created_at", "2023-03-26 16:13:01.632417"], ["updated_at", "2023-03-26 16:13:01.632417"]]
  [1m[36mTRANSACTION (2.4ms)[0m  [1m[36mcommit transaction[0m
  [1m[36mTRANSACTION (0.1ms)[0m  [1m[36mbegin transaction[0m
  [1m[36mHeroPower Create (0.5ms)[0m  [1m[32mINSERT INTO "hero_powers" ("strength", "power_id", "hero_id", "created_at", "updated_at") VALUES (?, ?, ?, ?, ?)[0m  [["strength", "average"], ["power_id", 6], ["hero_id", 6], ["created_at", "2023-03-26 16:13:01.643513"], ["updated_at", "2023-03-26 16:13:01.643513"]]
  [1m[36mTRANSACTION (2.4ms)[0m  [1m[36mcommit transaction[0m
  [1m[36mPower Load (0.2ms)[0m  [1m[34mSELECT "powers".* FROM "powers"[0m
  [1m[36mTRANSACTION (0.1ms)[0m  [1m[36mbegin transaction[0m
  [1m[36mHeroPower Create (0.5ms)[0m  [1m[32mINSERT INTO "hero_powers" ("strength", "power_id", "hero_id", "created_at", "updated_at") VALUES (?, ?, ?, ?, ?)[0m  [["strength", "average"], ["power_id", 3], ["hero_id", 7], ["created_at", "2023-03-26 16:13:01.657286"], ["updated_at", "2023-03-26 16:13:01.657286"]]
  [1m[36mTRANSACTION (2.4ms)[0m  [1m[36mcommit transaction[0m
  [1m[36mTRANSACTION (0.1ms)[0m  [1m[36mbegin transaction[0m
  [1m[36mHeroPower Create (0.5ms)[0m  [1m[32mINSERT INTO "hero_powers" ("strength", "power_id", "hero_id", "created_at", "updated_at") VALUES (?, ?, ?, ?, ?)[0m  [["strength", "average"], ["power_id", 6], ["hero_id", 7], ["created_at", "2023-03-26 16:13:01.666588"], ["updated_at", "2023-03-26 16:13:01.666588"]]
  [1m[36mTRANSACTION (2.4ms)[0m  [1m[36mcommit transaction[0m
  [1m[36mTRANSACTION (0.1ms)[0m  [1m[36mbegin transaction[0m
  [1m[36mHeroPower Create (0.5ms)[0m  [1m[32mINSERT INTO "hero_powers" ("strength", "power_id", "hero_id", "created_at", "updated_at") VALUES (?, ?, ?, ?, ?)[0m  [["strength", "average"], ["power_id", 5], ["hero_id", 7], ["created_at", "2023-03-26 16:13:01.676979"], ["updated_at", "2023-03-26 16:13:01.676979"]]
  [1m[36mTRANSACTION (2.4ms)[0m  [1m[36mcommit transaction[0m
  [1m[36mPower Load (0.2ms)[0m  [1m[34mSELECT "powers".* FROM "powers"[0m
  [1m[36mTRANSACTION (0.1ms)[0m  [1m[36mbegin transaction[0m
  [1m[36mHeroPower Create (0.5ms)[0m  [1m[32mINSERT INTO "hero_powers" ("strength", "power_id", "hero_id", "created_at", "updated_at") VALUES (?, ?, ?, ?, ?)[0m  [["strength", "average"], ["power_id", 3], ["hero_id", 8], ["created_at", "2023-03-26 16:13:01.691764"], ["updated_at", "2023-03-26 16:13:01.691764"]]
  [1m[36mTRANSACTION (2.6ms)[0m  [1m[36mcommit transaction[0m
  [1m[36mTRANSACTION (0.1ms)[0m  [1m[36mbegin transaction[0m
  [1m[36mHeroPower Create (0.5ms)[0m  [1m[32mINSERT INTO "hero_powers" ("strength", "power_id", "hero_id", "created_at", "updated_at") VALUES (?, ?, ?, ?, ?)[0m  [["strength", "average"], ["power_id", 4], ["hero_id", 8], ["created_at", "2023-03-26 16:13:01.703571"], ["updated_at", "2023-03-26 16:13:01.703571"]]
  [1m[36mTRANSACTION (2.4ms)[0m  [1m[36mcommit transaction[0m
  [1m[36mTRANSACTION (0.1ms)[0m  [1m[36mbegin transaction[0m
  [1m[36mHeroPower Create (0.6ms)[0m  [1m[32mINSERT INTO "hero_powers" ("strength", "power_id", "hero_id", "created_at", "updated_at") VALUES (?, ?, ?, ?, ?)[0m  [["strength", "average"], ["power_id", 2], ["hero_id", 8], ["created_at", "2023-03-26 16:13:01.715152"], ["updated_at", "2023-03-26 16:13:01.715152"]]
  [1m[36mTRANSACTION (2.4ms)[0m  [1m[36mcommit transaction[0m
  [1m[36mPower Load (0.2ms)[0m  [1m[34mSELECT "powers".* FROM "powers"[0m
  [1m[36mTRANSACTION (0.2ms)[0m  [1m[36mbegin transaction[0m
  [1m[36mHeroPower Create (0.5ms)[0m  [1m[32mINSERT INTO "hero_powers" ("strength", "power_id", "hero_id", "created_at", "updated_at") VALUES (?, ?, ?, ?, ?)[0m  [["strength", "average"], ["power_id", 2], ["hero_id", 9], ["created_at", "2023-03-26 16:13:01.728752"], ["updated_at", "2023-03-26 16:13:01.728752"]]
  [1m[36mTRANSACTION (2.9ms)[0m  [1m[36mcommit transaction[0m
  [1m[36mTRANSACTION (0.1ms)[0m  [1m[36mbegin transaction[0m
  [1m[36mHeroPower Create (0.5ms)[0m  [1m[32mINSERT INTO "hero_powers" ("strength", "power_id", "hero_id", "created_at", "updated_at") VALUES (?, ?, ?, ?, ?)[0m  [["strength", "average"], ["power_id", 7], ["hero_id", 9], ["created_at", "2023-03-26 16:13:01.740100"], ["updated_at", "2023-03-26 16:13:01.740100"]]
  [1m[36mTRANSACTION (3.0ms)[0m  [1m[36mcommit transaction[0m
  [1m[36mTRANSACTION (0.2ms)[0m  [1m[36mbegin transaction[0m
  [1m[36mHeroPower Create (0.7ms)[0m  [1m[32mINSERT INTO "hero_powers" ("strength", "power_id", "hero_id", "created_at", "updated_at") VALUES (?, ?, ?, ?, ?)[0m  [["strength", "average"], ["power_id", 9], ["hero_id", 9], ["created_at", "2023-03-26 16:13:01.752043"], ["updated_at", "2023-03-26 16:13:01.752043"]]
  [1m[36mTRANSACTION (2.5ms)[0m  [1m[36mcommit transaction[0m
  [1m[36mPower Load (0.2ms)[0m  [1m[34mSELECT "powers".* FROM "powers"[0m
  [1m[36mTRANSACTION (0.1ms)[0m  [1m[36mbegin transaction[0m
  [1m[36mHeroPower Create (0.5ms)[0m  [1m[32mINSERT INTO "hero_powers" ("strength", "power_id", "hero_id", "created_at", "updated_at") VALUES (?, ?, ?, ?, ?)[0m  [["strength", "average"], ["power_id", 2], ["hero_id", 10], ["created_at", "2023-03-26 16:13:01.766470"], ["updated_at", "2023-03-26 16:13:01.766470"]]
  [1m[36mTRANSACTION (2.4ms)[0m  [1m[36mcommit transaction[0m
  [1m[36mTRANSACTION (0.1ms)[0m  [1m[36mbegin transaction[0m
  [1m[36mHeroPower Create (0.5ms)[0m  [1m[32mINSERT INTO "hero_powers" ("strength", "power_id", "hero_id", "created_at", "updated_at") VALUES (?, ?, ?, ?, ?)[0m  [["strength", "average"], ["power_id", 7], ["hero_id", 10], ["created_at", "2023-03-26 16:13:01.776379"], ["updated_at", "2023-03-26 16:13:01.776379"]]
  [1m[36mTRANSACTION (2.6ms)[0m  [1m[36mcommit transaction[0m
  [1m[36mTRANSACTION (0.2ms)[0m  [1m[36mbegin transaction[0m
  [1m[36mHeroPower Create (0.5ms)[0m  [1m[32mINSERT INTO "hero_powers" ("strength", "power_id", "hero_id", "created_at", "updated_at") VALUES (?, ?, ?, ?, ?)[0m  [["strength", "average"], ["power_id", 4], ["hero_id", 10], ["created_at", "2023-03-26 16:13:01.787078"], ["updated_at", "2023-03-26 16:13:01.787078"]]
  [1m[36mTRANSACTION (2.5ms)[0m  [1m[36mcommit transaction[0m
